<?xml version="1.0" encoding="utf-8"?><testsuites name="pytest tests"><testsuite name="pytest" errors="0" failures="1" skipped="0" tests="5" time="10.951" timestamp="2026-05-13T23:23:56.498464+00:00" hostname="agent-env-143d3d62-0abd-43b2-a839-b8dada1961c1"><testcase classname="tests.test_export_download_and_sandbox" name="test_health_tier_models_gemini_3_1" time="0.662" /><testcase classname="tests.test_export_download_and_sandbox" name="test_export_download_via_external" time="0.079" /><testcase classname="tests.test_export_download_and_sandbox" name="test_export_download_via_localhost" time="0.003" /><testcase classname="tests.test_export_download_and_sandbox" name="test_latest_export_metadata_present" time="0.060" /><testcase classname="tests.test_export_download_and_sandbox" name="test_sandbox_start_status_proxy" time="10.069"><failure message="AssertionError: {&quot;detail&quot;:&quot;backend_did_not_open_port: [sandbox] starting on port 18000 at Wed May 13 23:23:57 2026\n/usr/local/bin/python: No module named uvicorn&quot;}&#10;assert 409 in (200, 201)&#10; +  where 409 = &lt;Response [409]&gt;.status_code">tests/test_export_download_and_sandbox.py:83: in test_sandbox_start_status_proxy
    assert r.status_code in (200, 201), r.text
E   AssertionError: {"detail":"backend_did_not_open_port: [sandbox] starting on port 18000 at Wed May 13 23:23:57 2026\n/usr/local/bin/python: No module named uvicorn"}
E   assert 409 in (200, 201)
E    +  where 409 = &lt;Response [409]&gt;.status_code</failure></testcase></testsuite></testsuites>